{"C:\\EPAM\\vuejs-btd\\src\\assets\\defaultImage.jpg": {"path":"C:\\EPAM\\vuejs-btd\\src\\assets\\defaultImage.jpg","statementMap":{"0":{"start":{"line":1,"column":0},"end":{"line":1,"column":19}}},"fnMap":{},"branchMap":{},"s":{"0":3},"f":{},"b":{},"_coverageSchema":"43e27e138ebf9cfc5966b082cf9a028302ed4184","hash":"f153e4a8c3b1c3923453153feb03bc758582877f"}
,"C:\\EPAM\\vuejs-btd\\src\\assets\\Icons\\shopping_cart.svg": {"path":"C:\\EPAM\\vuejs-btd\\src\\assets\\Icons\\shopping_cart.svg","statementMap":{"0":{"start":{"line":1,"column":0},"end":{"line":1,"column":19}}},"fnMap":{},"branchMap":{},"s":{"0":1},"f":{},"b":{},"_coverageSchema":"43e27e138ebf9cfc5966b082cf9a028302ed4184","hash":"ae6bcf44c62bfe82e1139aa570b536dc2a6e64fc"}
,"C:\\EPAM\\vuejs-btd\\src\\base_components\\index.js": {"path":"C:\\EPAM\\vuejs-btd\\src\\base_components\\index.js","statementMap":{},"fnMap":{},"branchMap":{},"s":{},"f":{},"b":{},"_coverageSchema":"43e27e138ebf9cfc5966b082cf9a028302ed4184","hash":"84dbec5413030f60adcc250fca9fe0b542f8ba51"}
,"C:\\EPAM\\vuejs-btd\\src\\base_components\\BaseButton\\BaseButton.vue": {"path":"C:\\EPAM\\vuejs-btd\\src\\base_components\\BaseButton\\BaseButton.vue","statementMap":{"0":{"start":{"line":13,"column":0},"end":{"line":13,"column":null}}},"fnMap":{"0":{"name":"(anonymous_1)","decl":{"start":{"line":12,"column":0},"end":{"line":12,"column":null}},"loc":{"start":{"line":12,"column":0},"end":{"line":14,"column":null}}}},"branchMap":{},"s":{"0":1},"f":{"0":1},"b":{}}
,"C:\\EPAM\\vuejs-btd\\src\\base_components\\BaseButtonLink\\BaseButtonLink.vue": {"path":"C:\\EPAM\\vuejs-btd\\src\\base_components\\BaseButtonLink\\BaseButtonLink.vue","statementMap":{"0":{"start":{"line":21,"column":0},"end":{"line":21,"column":null}}},"fnMap":{"0":{"name":"(anonymous_1)","decl":{"start":{"line":20,"column":0},"end":{"line":20,"column":null}},"loc":{"start":{"line":20,"column":0},"end":{"line":22,"column":null}}}},"branchMap":{},"s":{"0":1},"f":{"0":1},"b":{}}
,"C:\\EPAM\\vuejs-btd\\src\\base_components\\BaseCustomIcon\\BaseCustomIcon.vue": {"path":"C:\\EPAM\\vuejs-btd\\src\\base_components\\BaseCustomIcon\\BaseCustomIcon.vue","statementMap":{"0":{"start":{"line":25,"column":0},"end":{"line":25,"column":null}}},"fnMap":{"0":{"name":"(anonymous_1)","decl":{"start":{"line":24,"column":0},"end":{"line":24,"column":null}},"loc":{"start":{"line":24,"column":0},"end":{"line":26,"column":null}}}},"branchMap":{},"s":{"0":1},"f":{"0":1},"b":{}}
,"C:\\EPAM\\vuejs-btd\\src\\base_components\\BaseTextButtons\\BaseTextBorderButton.vue": {"path":"C:\\EPAM\\vuejs-btd\\src\\base_components\\BaseTextButtons\\BaseTextBorderButton.vue","statementMap":{"0":{"start":{"line":12,"column":0},"end":{"line":12,"column":null}},"1":{"start":{"line":22,"column":0},"end":{"line":22,"column":null}},"2":{"start":{"line":29,"column":0},"end":{"line":29,"column":null}},"3":{"start":{"line":41,"column":0},"end":{"line":41,"column":null}}},"fnMap":{"0":{"name":"(anonymous_1)","decl":{"start":{"line":21,"column":0},"end":{"line":21,"column":null}},"loc":{"start":{"line":21,"column":0},"end":{"line":23,"column":null}}},"1":{"name":"(anonymous_2)","decl":{"start":{"line":28,"column":0},"end":{"line":28,"column":null}},"loc":{"start":{"line":28,"column":0},"end":{"line":32,"column":null}}},"2":{"name":"(anonymous_3)","decl":{"start":{"line":40,"column":0},"end":{"line":40,"column":null}},"loc":{"start":{"line":40,"column":0},"end":{"line":42,"column":null}}}},"branchMap":{"0":{"loc":{"start":{"line":29,"column":0},"end":{"line":29,"column":null}},"type":"cond-expr","locations":[{"start":{"line":29,"column":0},"end":{"line":29,"column":null}},{"start":{"line":29,"column":0},"end":{"line":29,"column":null}}]}},"s":{"0":8,"1":1,"2":1,"3":1},"f":{"0":1,"1":1,"2":1},"b":{"0":[1,0]}}
,"C:\\EPAM\\vuejs-btd\\src\\base_components\\BaseTextButtons\\BaseTextButton.vue": {"path":"C:\\EPAM\\vuejs-btd\\src\\base_components\\BaseTextButtons\\BaseTextButton.vue","statementMap":{"0":{"start":{"line":8,"column":0},"end":{"line":8,"column":null}},"1":{"start":{"line":19,"column":0},"end":{"line":19,"column":null}}},"fnMap":{"0":{"name":"(anonymous_1)","decl":{"start":{"line":18,"column":0},"end":{"line":18,"column":null}},"loc":{"start":{"line":18,"column":0},"end":{"line":20,"column":null}}}},"branchMap":{},"s":{"0":8,"1":1},"f":{"0":1},"b":{}}
,"C:\\EPAM\\vuejs-btd\\src\\base_components\\BaseTextButtons\\BaseTextFilledButton.vue": {"path":"C:\\EPAM\\vuejs-btd\\src\\base_components\\BaseTextButtons\\BaseTextFilledButton.vue","statementMap":{"0":{"start":{"line":12,"column":0},"end":{"line":12,"column":null}},"1":{"start":{"line":30,"column":0},"end":{"line":30,"column":null}},"2":{"start":{"line":38,"column":0},"end":{"line":38,"column":null}}},"fnMap":{"0":{"name":"(anonymous_1)","decl":{"start":{"line":29,"column":0},"end":{"line":29,"column":null}},"loc":{"start":{"line":29,"column":0},"end":{"line":33,"column":null}}},"1":{"name":"(anonymous_2)","decl":{"start":{"line":37,"column":0},"end":{"line":37,"column":null}},"loc":{"start":{"line":37,"column":0},"end":{"line":39,"column":null}}}},"branchMap":{"0":{"loc":{"start":{"line":30,"column":0},"end":{"line":30,"column":null}},"type":"cond-expr","locations":[{"start":{"line":30,"column":0},"end":{"line":30,"column":null}},{"start":{"line":30,"column":0},"end":{"line":30,"column":null}}]}},"s":{"0":8,"1":1,"2":1},"f":{"0":1,"1":1},"b":{"0":[1,0]}}
,"C:\\EPAM\\vuejs-btd\\src\\components\\index.js": {"path":"C:\\EPAM\\vuejs-btd\\src\\components\\index.js","statementMap":{},"fnMap":{},"branchMap":{},"s":{},"f":{},"b":{},"_coverageSchema":"43e27e138ebf9cfc5966b082cf9a028302ed4184","hash":"413105db41d80596d9862ead6d2c555fb3c9ae90"}
,"C:\\EPAM\\vuejs-btd\\src\\components\\CustomFilter\\CustomFilter.vue": {"path":"C:\\EPAM\\vuejs-btd\\src\\components\\CustomFilter\\CustomFilter.vue","statementMap":{"0":{"start":{"line":50,"column":0},"end":{"line":50,"column":null}},"1":{"start":{"line":51,"column":0},"end":{"line":51,"column":null}},"2":{"start":{"line":61,"column":0},"end":{"line":61,"column":null}},"3":{"start":{"line":96,"column":0},"end":{"line":96,"column":null}},"4":{"start":{"line":100,"column":0},"end":{"line":100,"column":null}},"5":{"start":{"line":101,"column":0},"end":{"line":101,"column":null}},"6":{"start":{"line":102,"column":0},"end":{"line":102,"column":null}},"7":{"start":{"line":106,"column":0},"end":{"line":106,"column":null}},"8":{"start":{"line":110,"column":0},"end":{"line":114,"column":null}},"9":{"start":{"line":113,"column":0},"end":{"line":113,"column":null}},"10":{"start":{"line":120,"column":0},"end":{"line":120,"column":null}},"11":{"start":{"line":126,"column":0},"end":{"line":126,"column":null}},"12":{"start":{"line":130,"column":0},"end":{"line":130,"column":null}}},"fnMap":{"0":{"name":"(anonymous_1)","decl":{"start":{"line":60,"column":0},"end":{"line":60,"column":null}},"loc":{"start":{"line":60,"column":0},"end":{"line":85,"column":null}}},"1":{"name":"(anonymous_2)","decl":{"start":{"line":95,"column":0},"end":{"line":95,"column":null}},"loc":{"start":{"line":95,"column":0},"end":{"line":97,"column":null}}},"2":{"name":"(anonymous_3)","decl":{"start":{"line":99,"column":0},"end":{"line":99,"column":null}},"loc":{"start":{"line":99,"column":0},"end":{"line":103,"column":null}}},"3":{"name":"(anonymous_4)","decl":{"start":{"line":105,"column":0},"end":{"line":105,"column":null}},"loc":{"start":{"line":105,"column":0},"end":{"line":107,"column":null}}},"4":{"name":"(anonymous_5)","decl":{"start":{"line":109,"column":0},"end":{"line":109,"column":null}},"loc":{"start":{"line":109,"column":0},"end":{"line":115,"column":null}}},"5":{"name":"(anonymous_6)","decl":{"start":{"line":119,"column":0},"end":{"line":119,"column":null}},"loc":{"start":{"line":119,"column":0},"end":{"line":122,"column":null}}},"6":{"name":"(anonymous_7)","decl":{"start":{"line":120,"column":0},"end":{"line":120,"column":null}},"loc":{"start":{"line":120,"column":0},"end":{"line":120,"column":null}}},"7":{"name":"(anonymous_8)","decl":{"start":{"line":125,"column":0},"end":{"line":125,"column":null}},"loc":{"start":{"line":125,"column":0},"end":{"line":127,"column":null}}},"8":{"name":"(anonymous_9)","decl":{"start":{"line":129,"column":0},"end":{"line":129,"column":null}},"loc":{"start":{"line":129,"column":0},"end":{"line":131,"column":null}}}},"branchMap":{"0":{"loc":{"start":{"line":110,"column":0},"end":{"line":114,"column":null}},"type":"if","locations":[{"start":{"line":110,"column":0},"end":{"line":114,"column":null}},{"start":{"line":110,"column":0},"end":{"line":114,"column":null}}]}},"s":{"0":1,"1":1,"2":6,"3":2,"4":0,"5":0,"6":0,"7":2,"8":0,"9":0,"10":12,"11":6,"12":6},"f":{"0":6,"1":2,"2":0,"3":2,"4":0,"5":6,"6":6,"7":6,"8":6},"b":{"0":[0,0]}}
,"C:\\EPAM\\vuejs-btd\\src\\components\\CustomFilter\\helper.js": {"path":"C:\\EPAM\\vuejs-btd\\src\\components\\CustomFilter\\helper.js","statementMap":{"0":{"start":{"line":1,"column":26},"end":{"line":1,"column":31}},"1":{"start":{"line":3,"column":37},"end":{"line":8,"column":1}}},"fnMap":{},"branchMap":{},"s":{"0":1,"1":1},"f":{},"b":{},"_coverageSchema":"43e27e138ebf9cfc5966b082cf9a028302ed4184","hash":"48b7797383a13161d20e1a7220ebe16beb8c8403"}
,"C:\\EPAM\\vuejs-btd\\src\\components\\HamburgerIcon\\HamburgerIcon.vue": {"path":"C:\\EPAM\\vuejs-btd\\src\\components\\HamburgerIcon\\HamburgerIcon.vue","statementMap":{"0":{"start":{"line":17,"column":0},"end":{"line":17,"column":null}},"1":{"start":{"line":24,"column":0},"end":{"line":24,"column":null}}},"fnMap":{"0":{"name":"(anonymous_1)","decl":{"start":{"line":16,"column":0},"end":{"line":16,"column":null}},"loc":{"start":{"line":16,"column":0},"end":{"line":20,"column":null}}},"1":{"name":"(anonymous_2)","decl":{"start":{"line":23,"column":0},"end":{"line":23,"column":null}},"loc":{"start":{"line":23,"column":0},"end":{"line":25,"column":null}}}},"branchMap":{},"s":{"0":6,"1":1},"f":{"0":6,"1":1},"b":{}}
,"C:\\EPAM\\vuejs-btd\\src\\components\\HeadInfo\\HeadInfo.vue": {"path":"C:\\EPAM\\vuejs-btd\\src\\components\\HeadInfo\\HeadInfo.vue","statementMap":{"0":{"start":{"line":16,"column":0},"end":{"line":16,"column":null}},"1":{"start":{"line":30,"column":0},"end":{"line":30,"column":null}},"2":{"start":{"line":42,"column":0},"end":{"line":42,"column":null}}},"fnMap":{"0":{"name":"(anonymous_1)","decl":{"start":{"line":29,"column":0},"end":{"line":29,"column":null}},"loc":{"start":{"line":29,"column":0},"end":{"line":31,"column":null}}},"1":{"name":"(anonymous_2)","decl":{"start":{"line":41,"column":0},"end":{"line":41,"column":null}},"loc":{"start":{"line":41,"column":0},"end":{"line":43,"column":null}}}},"branchMap":{},"s":{"0":1,"1":0,"2":1},"f":{"0":0,"1":1},"b":{}}
,"C:\\EPAM\\vuejs-btd\\src\\components\\Header\\Header.vue": {"path":"C:\\EPAM\\vuejs-btd\\src\\components\\Header\\Header.vue","statementMap":{"0":{"start":{"line":42,"column":0},"end":{"line":42,"column":null}},"1":{"start":{"line":43,"column":0},"end":{"line":43,"column":null}},"2":{"start":{"line":44,"column":0},"end":{"line":44,"column":null}},"3":{"start":{"line":45,"column":0},"end":{"line":45,"column":null}},"4":{"start":{"line":46,"column":0},"end":{"line":46,"column":null}},"5":{"start":{"line":47,"column":0},"end":{"line":47,"column":null}},"6":{"start":{"line":48,"column":0},"end":{"line":48,"column":null}},"7":{"start":{"line":62,"column":0},"end":{"line":62,"column":null}},"8":{"start":{"line":73,"column":0},"end":{"line":73,"column":null}},"9":{"start":{"line":77,"column":0},"end":{"line":77,"column":null}},"10":{"start":{"line":81,"column":0},"end":{"line":81,"column":null}},"11":{"start":{"line":85,"column":0},"end":{"line":85,"column":null}}},"fnMap":{"0":{"name":"(anonymous_1)","decl":{"start":{"line":61,"column":0},"end":{"line":61,"column":null}},"loc":{"start":{"line":61,"column":0},"end":{"line":69,"column":null}}},"1":{"name":"(anonymous_2)","decl":{"start":{"line":72,"column":0},"end":{"line":72,"column":null}},"loc":{"start":{"line":72,"column":0},"end":{"line":74,"column":null}}},"2":{"name":"(anonymous_3)","decl":{"start":{"line":76,"column":0},"end":{"line":76,"column":null}},"loc":{"start":{"line":76,"column":0},"end":{"line":78,"column":null}}},"3":{"name":"(anonymous_4)","decl":{"start":{"line":80,"column":0},"end":{"line":80,"column":null}},"loc":{"start":{"line":80,"column":0},"end":{"line":82,"column":null}}},"4":{"name":"(anonymous_5)","decl":{"start":{"line":84,"column":0},"end":{"line":84,"column":null}},"loc":{"start":{"line":84,"column":0},"end":{"line":86,"column":null}}}},"branchMap":{},"s":{"0":1,"1":1,"2":1,"3":1,"4":1,"5":1,"6":1,"7":4,"8":0,"9":0,"10":0,"11":0},"f":{"0":4,"1":0,"2":0,"3":0,"4":0},"b":{}}
,"C:\\EPAM\\vuejs-btd\\src\\components\\ProductDetails\\ProductDetails.vue": {"path":"C:\\EPAM\\vuejs-btd\\src\\components\\ProductDetails\\ProductDetails.vue","statementMap":{"0":{"start":{"line":29,"column":0},"end":{"line":29,"column":null}},"1":{"start":{"line":36,"column":0},"end":{"line":36,"column":null}}},"fnMap":{"0":{"name":"(anonymous_1)","decl":{"start":{"line":28,"column":0},"end":{"line":28,"column":null}},"loc":{"start":{"line":28,"column":0},"end":{"line":32,"column":null}}},"1":{"name":"(anonymous_2)","decl":{"start":{"line":35,"column":0},"end":{"line":35,"column":null}},"loc":{"start":{"line":35,"column":0},"end":{"line":37,"column":null}}}},"branchMap":{},"s":{"0":1,"1":0},"f":{"0":1,"1":0},"b":{}}
,"C:\\EPAM\\vuejs-btd\\src\\components\\ProductsList\\ProductDescription.vue": {"path":"C:\\EPAM\\vuejs-btd\\src\\components\\ProductsList\\ProductDescription.vue","statementMap":{"0":{"start":{"line":32,"column":0},"end":{"line":32,"column":null}},"1":{"start":{"line":39,"column":0},"end":{"line":39,"column":null}},"2":{"start":{"line":46,"column":0},"end":{"line":46,"column":null}},"3":{"start":{"line":47,"column":0},"end":{"line":47,"column":null}},"4":{"start":{"line":48,"column":0},"end":{"line":48,"column":null}},"5":{"start":{"line":50,"column":0},"end":{"line":50,"column":null}},"6":{"start":{"line":56,"column":0},"end":{"line":56,"column":null}},"7":{"start":{"line":60,"column":0},"end":{"line":60,"column":null}}},"fnMap":{"0":{"name":"(anonymous_1)","decl":{"start":{"line":31,"column":0},"end":{"line":31,"column":null}},"loc":{"start":{"line":31,"column":0},"end":{"line":33,"column":null}}},"1":{"name":"(anonymous_2)","decl":{"start":{"line":38,"column":0},"end":{"line":38,"column":null}},"loc":{"start":{"line":38,"column":0},"end":{"line":40,"column":null}}},"2":{"name":"(anonymous_3)","decl":{"start":{"line":45,"column":0},"end":{"line":45,"column":null}},"loc":{"start":{"line":45,"column":0},"end":{"line":51,"column":null}}},"3":{"name":"(anonymous_4)","decl":{"start":{"line":55,"column":0},"end":{"line":55,"column":null}},"loc":{"start":{"line":55,"column":0},"end":{"line":57,"column":null}}},"4":{"name":"(anonymous_5)","decl":{"start":{"line":59,"column":0},"end":{"line":59,"column":null}},"loc":{"start":{"line":59,"column":0},"end":{"line":61,"column":null}}}},"branchMap":{},"s":{"0":0,"1":0,"2":7,"3":7,"4":7,"5":7,"6":3,"7":3},"f":{"0":0,"1":0,"2":7,"3":3,"4":3},"b":{}}
,"C:\\EPAM\\vuejs-btd\\src\\components\\ProductsList\\ProductItem.vue": {"path":"C:\\EPAM\\vuejs-btd\\src\\components\\ProductsList\\ProductItem.vue","statementMap":{"0":{"start":{"line":21,"column":0},"end":{"line":21,"column":null}},"1":{"start":{"line":22,"column":0},"end":{"line":22,"column":null}},"2":{"start":{"line":23,"column":0},"end":{"line":23,"column":null}},"3":{"start":{"line":49,"column":0},"end":{"line":49,"column":null}},"4":{"start":{"line":56,"column":0},"end":{"line":56,"column":null}},"5":{"start":{"line":60,"column":0},"end":{"line":60,"column":null}}},"fnMap":{"0":{"name":"(anonymous_1)","decl":{"start":{"line":48,"column":0},"end":{"line":48,"column":null}},"loc":{"start":{"line":48,"column":0},"end":{"line":52,"column":null}}},"1":{"name":"(anonymous_2)","decl":{"start":{"line":55,"column":0},"end":{"line":55,"column":null}},"loc":{"start":{"line":55,"column":0},"end":{"line":57,"column":null}}},"2":{"name":"(anonymous_3)","decl":{"start":{"line":59,"column":0},"end":{"line":59,"column":null}},"loc":{"start":{"line":59,"column":0},"end":{"line":61,"column":null}}}},"branchMap":{"0":{"loc":{"start":{"line":56,"column":0},"end":{"line":56,"column":null}},"type":"cond-expr","locations":[{"start":{"line":56,"column":0},"end":{"line":56,"column":null}},{"start":{"line":56,"column":0},"end":{"line":56,"column":null}}]}},"s":{"0":3,"1":3,"2":3,"3":3,"4":4,"5":4},"f":{"0":3,"1":4,"2":4},"b":{"0":[0,4]}}
,"C:\\EPAM\\vuejs-btd\\src\\components\\ProductsList\\ProductsList.vue": {"path":"C:\\EPAM\\vuejs-btd\\src\\components\\ProductsList\\ProductsList.vue","statementMap":{"0":{"start":{"line":17,"column":0},"end":{"line":17,"column":null}},"1":{"start":{"line":18,"column":0},"end":{"line":18,"column":null}},"2":{"start":{"line":19,"column":0},"end":{"line":19,"column":null}},"3":{"start":{"line":21,"column":0},"end":{"line":26,"column":null}},"4":{"start":{"line":22,"column":0},"end":{"line":25,"column":null}},"5":{"start":{"line":23,"column":0},"end":{"line":23,"column":null}},"6":{"start":{"line":24,"column":0},"end":{"line":24,"column":null}},"7":{"start":{"line":32,"column":0},"end":{"line":32,"column":null}}},"fnMap":{"0":{"name":"(anonymous_1)","decl":{"start":{"line":31,"column":0},"end":{"line":31,"column":null}},"loc":{"start":{"line":31,"column":0},"end":{"line":35,"column":null}}}},"branchMap":{"0":{"loc":{"start":{"line":22,"column":0},"end":{"line":25,"column":null}},"type":"if","locations":[{"start":{"line":22,"column":0},"end":{"line":25,"column":null}},{"start":{"line":22,"column":0},"end":{"line":25,"column":null}}]}},"s":{"0":2,"1":2,"2":2,"3":2,"4":6,"5":6,"6":6,"7":1},"f":{"0":1},"b":{"0":[6,0]}}
,"C:\\EPAM\\vuejs-btd\\src\\components\\SignIn\\index.js": {"path":"C:\\EPAM\\vuejs-btd\\src\\components\\SignIn\\index.js","statementMap":{},"fnMap":{},"branchMap":{},"s":{},"f":{},"b":{},"_coverageSchema":"43e27e138ebf9cfc5966b082cf9a028302ed4184","hash":"b917642b4a481217c06c37f46471ab63d26b284d"}
,"C:\\EPAM\\vuejs-btd\\src\\components\\SignIn\\Forms\\helper.js": {"path":"C:\\EPAM\\vuejs-btd\\src\\components\\SignIn\\Forms\\helper.js","statementMap":{"0":{"start":{"line":1,"column":35},"end":{"line":1,"column":36}},"1":{"start":{"line":2,"column":31},"end":{"line":2,"column":32}},"2":{"start":{"line":12,"column":26},"end":{"line":16,"column":1}},"3":{"start":{"line":18,"column":27},"end":{"line":21,"column":1}},"4":{"start":{"line":23,"column":30},"end":{"line":34,"column":1}},"5":{"start":{"line":27,"column":4},"end":{"line":32,"column":6}},"6":{"start":{"line":36,"column":43},"end":{"line":39,"column":1}},"7":{"start":{"line":41,"column":38},"end":{"line":44,"column":1}},"8":{"start":{"line":46,"column":25},"end":{"line":66,"column":1}},"9":{"start":{"line":49,"column":20},"end":{"line":49,"column":38}},"10":{"start":{"line":51,"column":6},"end":{"line":55,"column":7}},"11":{"start":{"line":52,"column":8},"end":{"line":54,"column":10}},"12":{"start":{"line":59,"column":6},"end":{"line":59,"column":23}},"13":{"start":{"line":61,"column":6},"end":{"line":63,"column":7}},"14":{"start":{"line":62,"column":8},"end":{"line":62,"column":31}}},"fnMap":{"0":{"name":"(anonymous_0)","decl":{"start":{"line":26,"column":9},"end":{"line":26,"column":10}},"loc":{"start":{"line":26,"column":23},"end":{"line":33,"column":3}},"line":26},"1":{"name":"(anonymous_1)","decl":{"start":{"line":48,"column":4},"end":{"line":48,"column":5}},"loc":{"start":{"line":48,"column":36},"end":{"line":56,"column":5}},"line":48},"2":{"name":"(anonymous_2)","decl":{"start":{"line":58,"column":4},"end":{"line":58,"column":5}},"loc":{"start":{"line":58,"column":27},"end":{"line":64,"column":5}},"line":58}},"branchMap":{"0":{"loc":{"start":{"line":28,"column":6},"end":{"line":31,"column":35}},"type":"binary-expr","locations":[{"start":{"line":28,"column":6},"end":{"line":28,"column":28}},{"start":{"line":29,"column":6},"end":{"line":29,"column":28}},{"start":{"line":30,"column":6},"end":{"line":30,"column":28}},{"start":{"line":31,"column":6},"end":{"line":31,"column":35}}],"line":28},"1":{"loc":{"start":{"line":51,"column":6},"end":{"line":55,"column":7}},"type":"if","locations":[{"start":{"line":51,"column":6},"end":{"line":55,"column":7}},{"start":{"line":51,"column":6},"end":{"line":55,"column":7}}],"line":51},"2":{"loc":{"start":{"line":53,"column":24},"end":{"line":53,"column":54}},"type":"binary-expr","locations":[{"start":{"line":53,"column":24},"end":{"line":53,"column":38}},{"start":{"line":53,"column":42},"end":{"line":53,"column":54}}],"line":53},"3":{"loc":{"start":{"line":61,"column":6},"end":{"line":63,"column":7}},"type":"if","locations":[{"start":{"line":61,"column":6},"end":{"line":63,"column":7}},{"start":{"line":61,"column":6},"end":{"line":63,"column":7}}],"line":61}},"s":{"0":2,"1":2,"2":2,"3":2,"4":2,"5":0,"6":2,"7":2,"8":2,"9":0,"10":0,"11":0,"12":0,"13":0,"14":0},"f":{"0":0,"1":0,"2":0},"b":{"0":[0,0,0,0],"1":[0,0],"2":[0,0],"3":[0,0]},"_coverageSchema":"43e27e138ebf9cfc5966b082cf9a028302ed4184","hash":"7396600959a7aa4090c01cd4c6a7b2581fbeed7a"}
,"C:\\EPAM\\vuejs-btd\\src\\components\\SignIn\\Forms\\index.js": {"path":"C:\\EPAM\\vuejs-btd\\src\\components\\SignIn\\Forms\\index.js","statementMap":{},"fnMap":{},"branchMap":{},"s":{},"f":{},"b":{},"_coverageSchema":"43e27e138ebf9cfc5966b082cf9a028302ed4184","hash":"88888ec6557db7dc523f769e96a71cb19bd693e5"}
,"C:\\EPAM\\vuejs-btd\\src\\components\\SignIn\\Forms\\SignInForm\\SignInForm.vue": {"path":"C:\\EPAM\\vuejs-btd\\src\\components\\SignIn\\Forms\\SignInForm\\SignInForm.vue","statementMap":{"0":{"start":{"line":28,"column":0},"end":{"line":28,"column":null}},"1":{"start":{"line":29,"column":0},"end":{"line":29,"column":null}},"2":{"start":{"line":35,"column":0},"end":{"line":35,"column":null}},"3":{"start":{"line":47,"column":0},"end":{"line":47,"column":null}},"4":{"start":{"line":56,"column":0},"end":{"line":56,"column":null}},"5":{"start":{"line":60,"column":0},"end":{"line":64,"column":null}},"6":{"start":{"line":61,"column":0},"end":{"line":61,"column":null}},"7":{"start":{"line":62,"column":0},"end":{"line":64,"column":null}},"8":{"start":{"line":63,"column":0},"end":{"line":63,"column":null}},"9":{"start":{"line":64,"column":0},"end":{"line":64,"column":null}},"10":{"start":{"line":68,"column":0},"end":{"line":76,"column":null}},"11":{"start":{"line":69,"column":0},"end":{"line":69,"column":null}},"12":{"start":{"line":70,"column":0},"end":{"line":76,"column":null}},"13":{"start":{"line":71,"column":0},"end":{"line":71,"column":null}},"14":{"start":{"line":72,"column":0},"end":{"line":76,"column":null}},"15":{"start":{"line":73,"column":0},"end":{"line":73,"column":null}},"16":{"start":{"line":74,"column":0},"end":{"line":76,"column":null}},"17":{"start":{"line":75,"column":0},"end":{"line":75,"column":null}},"18":{"start":{"line":76,"column":0},"end":{"line":76,"column":null}},"19":{"start":{"line":82,"column":0},"end":{"line":82,"column":null}}},"fnMap":{"0":{"name":"(anonymous_1)","decl":{"start":{"line":46,"column":0},"end":{"line":46,"column":null}},"loc":{"start":{"line":46,"column":0},"end":{"line":52,"column":null}}},"1":{"name":"(anonymous_2)","decl":{"start":{"line":55,"column":0},"end":{"line":55,"column":null}},"loc":{"start":{"line":55,"column":0},"end":{"line":57,"column":null}}},"2":{"name":"(anonymous_3)","decl":{"start":{"line":59,"column":0},"end":{"line":59,"column":null}},"loc":{"start":{"line":59,"column":0},"end":{"line":65,"column":null}}},"3":{"name":"(anonymous_4)","decl":{"start":{"line":67,"column":0},"end":{"line":67,"column":null}},"loc":{"start":{"line":67,"column":0},"end":{"line":77,"column":null}}},"4":{"name":"(anonymous_5)","decl":{"start":{"line":81,"column":0},"end":{"line":81,"column":null}},"loc":{"start":{"line":81,"column":0},"end":{"line":83,"column":null}}}},"branchMap":{"0":{"loc":{"start":{"line":56,"column":0},"end":{"line":56,"column":null}},"type":"binary-expr","locations":[{"start":{"line":56,"column":0},"end":{"line":56,"column":null}},{"start":{"line":56,"column":0},"end":{"line":56,"column":null}}]},"1":{"loc":{"start":{"line":60,"column":0},"end":{"line":64,"column":null}},"type":"if","locations":[{"start":{"line":60,"column":0},"end":{"line":64,"column":null}},{"start":{"line":60,"column":0},"end":{"line":64,"column":null}}]},"2":{"loc":{"start":{"line":62,"column":0},"end":{"line":64,"column":null}},"type":"if","locations":[{"start":{"line":62,"column":0},"end":{"line":64,"column":null}},{"start":{"line":62,"column":0},"end":{"line":64,"column":null}}]},"3":{"loc":{"start":{"line":68,"column":0},"end":{"line":76,"column":null}},"type":"if","locations":[{"start":{"line":68,"column":0},"end":{"line":76,"column":null}},{"start":{"line":68,"column":0},"end":{"line":76,"column":null}}]},"4":{"loc":{"start":{"line":70,"column":0},"end":{"line":76,"column":null}},"type":"if","locations":[{"start":{"line":70,"column":0},"end":{"line":76,"column":null}},{"start":{"line":70,"column":0},"end":{"line":76,"column":null}}]},"5":{"loc":{"start":{"line":72,"column":0},"end":{"line":76,"column":null}},"type":"if","locations":[{"start":{"line":72,"column":0},"end":{"line":76,"column":null}},{"start":{"line":72,"column":0},"end":{"line":76,"column":null}}]},"6":{"loc":{"start":{"line":74,"column":0},"end":{"line":76,"column":null}},"type":"if","locations":[{"start":{"line":74,"column":0},"end":{"line":76,"column":null}},{"start":{"line":74,"column":0},"end":{"line":76,"column":null}}]}},"s":{"0":2,"1":2,"2":2,"3":0,"4":0,"5":0,"6":0,"7":0,"8":0,"9":0,"10":0,"11":0,"12":0,"13":0,"14":0,"15":0,"16":0,"17":0,"18":0,"19":0},"f":{"0":0,"1":0,"2":0,"3":0,"4":0},"b":{"0":[0,0],"1":[0,0],"2":[0,0],"3":[0,0],"4":[0,0],"5":[0,0],"6":[0,0]}}
,"C:\\EPAM\\vuejs-btd\\src\\components\\SignIn\\Forms\\SignUpForm\\SignUpForm.vue": {"path":"C:\\EPAM\\vuejs-btd\\src\\components\\SignIn\\Forms\\SignUpForm\\SignUpForm.vue","statementMap":{"0":{"start":{"line":40,"column":0},"end":{"line":40,"column":null}},"1":{"start":{"line":41,"column":0},"end":{"line":41,"column":null}},"2":{"start":{"line":43,"column":0},"end":{"line":43,"column":null}},"3":{"start":{"line":63,"column":0},"end":{"line":63,"column":null}},"4":{"start":{"line":73,"column":0},"end":{"line":73,"column":null}},"5":{"start":{"line":74,"column":0},"end":{"line":74,"column":null}},"6":{"start":{"line":79,"column":0},"end":{"line":79,"column":null}},"7":{"start":{"line":89,"column":0},"end":{"line":95,"column":null}},"8":{"start":{"line":90,"column":0},"end":{"line":90,"column":null}},"9":{"start":{"line":91,"column":0},"end":{"line":95,"column":null}},"10":{"start":{"line":92,"column":0},"end":{"line":92,"column":null}},"11":{"start":{"line":93,"column":0},"end":{"line":95,"column":null}},"12":{"start":{"line":94,"column":0},"end":{"line":94,"column":null}},"13":{"start":{"line":95,"column":0},"end":{"line":95,"column":null}},"14":{"start":{"line":99,"column":0},"end":{"line":105,"column":null}},"15":{"start":{"line":100,"column":0},"end":{"line":100,"column":null}},"16":{"start":{"line":101,"column":0},"end":{"line":105,"column":null}},"17":{"start":{"line":102,"column":0},"end":{"line":102,"column":null}},"18":{"start":{"line":103,"column":0},"end":{"line":105,"column":null}},"19":{"start":{"line":104,"column":0},"end":{"line":104,"column":null}},"20":{"start":{"line":105,"column":0},"end":{"line":105,"column":null}},"21":{"start":{"line":109,"column":0},"end":{"line":113,"column":null}},"22":{"start":{"line":110,"column":0},"end":{"line":110,"column":null}},"23":{"start":{"line":111,"column":0},"end":{"line":113,"column":null}},"24":{"start":{"line":112,"column":0},"end":{"line":112,"column":null}},"25":{"start":{"line":113,"column":0},"end":{"line":113,"column":null}},"26":{"start":{"line":117,"column":0},"end":{"line":125,"column":null}},"27":{"start":{"line":118,"column":0},"end":{"line":118,"column":null}},"28":{"start":{"line":119,"column":0},"end":{"line":125,"column":null}},"29":{"start":{"line":120,"column":0},"end":{"line":120,"column":null}},"30":{"start":{"line":121,"column":0},"end":{"line":125,"column":null}},"31":{"start":{"line":122,"column":0},"end":{"line":122,"column":null}},"32":{"start":{"line":123,"column":0},"end":{"line":125,"column":null}},"33":{"start":{"line":124,"column":0},"end":{"line":124,"column":null}},"34":{"start":{"line":125,"column":0},"end":{"line":125,"column":null}},"35":{"start":{"line":129,"column":0},"end":{"line":133,"column":null}},"36":{"start":{"line":130,"column":0},"end":{"line":130,"column":null}},"37":{"start":{"line":131,"column":0},"end":{"line":133,"column":null}},"38":{"start":{"line":132,"column":0},"end":{"line":132,"column":null}},"39":{"start":{"line":133,"column":0},"end":{"line":133,"column":null}},"40":{"start":{"line":139,"column":0},"end":{"line":139,"column":null}}},"fnMap":{"0":{"name":"(anonymous_1)","decl":{"start":{"line":62,"column":0},"end":{"line":62,"column":null}},"loc":{"start":{"line":62,"column":0},"end":{"line":70,"column":null}}},"1":{"name":"(anonymous_2)","decl":{"start":{"line":72,"column":0},"end":{"line":72,"column":null}},"loc":{"start":{"line":72,"column":0},"end":{"line":75,"column":null}}},"2":{"name":"(anonymous_3)","decl":{"start":{"line":78,"column":0},"end":{"line":78,"column":null}},"loc":{"start":{"line":78,"column":0},"end":{"line":86,"column":null}}},"3":{"name":"(anonymous_4)","decl":{"start":{"line":88,"column":0},"end":{"line":88,"column":null}},"loc":{"start":{"line":88,"column":0},"end":{"line":96,"column":null}}},"4":{"name":"(anonymous_5)","decl":{"start":{"line":98,"column":0},"end":{"line":98,"column":null}},"loc":{"start":{"line":98,"column":0},"end":{"line":106,"column":null}}},"5":{"name":"(anonymous_6)","decl":{"start":{"line":108,"column":0},"end":{"line":108,"column":null}},"loc":{"start":{"line":108,"column":0},"end":{"line":114,"column":null}}},"6":{"name":"(anonymous_7)","decl":{"start":{"line":116,"column":0},"end":{"line":116,"column":null}},"loc":{"start":{"line":116,"column":0},"end":{"line":126,"column":null}}},"7":{"name":"(anonymous_8)","decl":{"start":{"line":128,"column":0},"end":{"line":128,"column":null}},"loc":{"start":{"line":128,"column":0},"end":{"line":134,"column":null}}},"8":{"name":"(anonymous_9)","decl":{"start":{"line":138,"column":0},"end":{"line":138,"column":null}},"loc":{"start":{"line":138,"column":0},"end":{"line":140,"column":null}}}},"branchMap":{"0":{"loc":{"start":{"line":79,"column":0},"end":{"line":79,"column":null}},"type":"binary-expr","locations":[{"start":{"line":79,"column":0},"end":{"line":79,"column":null}},{"start":{"line":79,"column":0},"end":{"line":79,"column":null}},{"start":{"line":79,"column":0},"end":{"line":79,"column":null}},{"start":{"line":79,"column":0},"end":{"line":79,"column":null}},{"start":{"line":79,"column":0},"end":{"line":79,"column":null}}]},"1":{"loc":{"start":{"line":89,"column":0},"end":{"line":95,"column":null}},"type":"if","locations":[{"start":{"line":89,"column":0},"end":{"line":95,"column":null}},{"start":{"line":89,"column":0},"end":{"line":95,"column":null}}]},"2":{"loc":{"start":{"line":91,"column":0},"end":{"line":95,"column":null}},"type":"if","locations":[{"start":{"line":91,"column":0},"end":{"line":95,"column":null}},{"start":{"line":91,"column":0},"end":{"line":95,"column":null}}]},"3":{"loc":{"start":{"line":93,"column":0},"end":{"line":95,"column":null}},"type":"if","locations":[{"start":{"line":93,"column":0},"end":{"line":95,"column":null}},{"start":{"line":93,"column":0},"end":{"line":95,"column":null}}]},"4":{"loc":{"start":{"line":99,"column":0},"end":{"line":105,"column":null}},"type":"if","locations":[{"start":{"line":99,"column":0},"end":{"line":105,"column":null}},{"start":{"line":99,"column":0},"end":{"line":105,"column":null}}]},"5":{"loc":{"start":{"line":101,"column":0},"end":{"line":105,"column":null}},"type":"if","locations":[{"start":{"line":101,"column":0},"end":{"line":105,"column":null}},{"start":{"line":101,"column":0},"end":{"line":105,"column":null}}]},"6":{"loc":{"start":{"line":103,"column":0},"end":{"line":105,"column":null}},"type":"if","locations":[{"start":{"line":103,"column":0},"end":{"line":105,"column":null}},{"start":{"line":103,"column":0},"end":{"line":105,"column":null}}]},"7":{"loc":{"start":{"line":109,"column":0},"end":{"line":113,"column":null}},"type":"if","locations":[{"start":{"line":109,"column":0},"end":{"line":113,"column":null}},{"start":{"line":109,"column":0},"end":{"line":113,"column":null}}]},"8":{"loc":{"start":{"line":111,"column":0},"end":{"line":113,"column":null}},"type":"if","locations":[{"start":{"line":111,"column":0},"end":{"line":113,"column":null}},{"start":{"line":111,"column":0},"end":{"line":113,"column":null}}]},"9":{"loc":{"start":{"line":117,"column":0},"end":{"line":125,"column":null}},"type":"if","locations":[{"start":{"line":117,"column":0},"end":{"line":125,"column":null}},{"start":{"line":117,"column":0},"end":{"line":125,"column":null}}]},"10":{"loc":{"start":{"line":119,"column":0},"end":{"line":125,"column":null}},"type":"if","locations":[{"start":{"line":119,"column":0},"end":{"line":125,"column":null}},{"start":{"line":119,"column":0},"end":{"line":125,"column":null}}]},"11":{"loc":{"start":{"line":121,"column":0},"end":{"line":125,"column":null}},"type":"if","locations":[{"start":{"line":121,"column":0},"end":{"line":125,"column":null}},{"start":{"line":121,"column":0},"end":{"line":125,"column":null}}]},"12":{"loc":{"start":{"line":123,"column":0},"end":{"line":125,"column":null}},"type":"if","locations":[{"start":{"line":123,"column":0},"end":{"line":125,"column":null}},{"start":{"line":123,"column":0},"end":{"line":125,"column":null}}]},"13":{"loc":{"start":{"line":129,"column":0},"end":{"line":133,"column":null}},"type":"if","locations":[{"start":{"line":129,"column":0},"end":{"line":133,"column":null}},{"start":{"line":129,"column":0},"end":{"line":133,"column":null}}]},"14":{"loc":{"start":{"line":131,"column":0},"end":{"line":133,"column":null}},"type":"if","locations":[{"start":{"line":131,"column":0},"end":{"line":133,"column":null}},{"start":{"line":131,"column":0},"end":{"line":133,"column":null}}]}},"s":{"0":2,"1":2,"2":2,"3":0,"4":0,"5":0,"6":0,"7":0,"8":0,"9":0,"10":0,"11":0,"12":0,"13":0,"14":0,"15":0,"16":0,"17":0,"18":0,"19":0,"20":0,"21":0,"22":0,"23":0,"24":0,"25":0,"26":0,"27":0,"28":0,"29":0,"30":0,"31":0,"32":0,"33":0,"34":0,"35":0,"36":0,"37":0,"38":0,"39":0,"40":0},"f":{"0":0,"1":0,"2":0,"3":0,"4":0,"5":0,"6":0,"7":0,"8":0},"b":{"0":[0,0,0,0,0],"1":[0,0],"2":[0,0],"3":[0,0],"4":[0,0],"5":[0,0],"6":[0,0],"7":[0,0],"8":[0,0],"9":[0,0],"10":[0,0],"11":[0,0],"12":[0,0],"13":[0,0],"14":[0,0]}}
,"C:\\EPAM\\vuejs-btd\\src\\components\\SignIn\\SignInBtn\\SignInBtn.vue": {"path":"C:\\EPAM\\vuejs-btd\\src\\components\\SignIn\\SignInBtn\\SignInBtn.vue","statementMap":{"0":{"start":{"line":17,"column":0},"end":{"line":17,"column":null}},"1":{"start":{"line":18,"column":0},"end":{"line":18,"column":null}},"2":{"start":{"line":38,"column":0},"end":{"line":38,"column":null}}},"fnMap":{"0":{"name":"(anonymous_1)","decl":{"start":{"line":37,"column":0},"end":{"line":37,"column":null}},"loc":{"start":{"line":37,"column":0},"end":{"line":39,"column":null}}}},"branchMap":{},"s":{"0":2,"1":2,"2":0},"f":{"0":0},"b":{}}
,"C:\\EPAM\\vuejs-btd\\src\\components\\SignIn\\SignInPopup\\SignInPopup.vue": {"path":"C:\\EPAM\\vuejs-btd\\src\\components\\SignIn\\SignInPopup\\SignInPopup.vue","statementMap":{"0":{"start":{"line":31,"column":0},"end":{"line":31,"column":null}},"1":{"start":{"line":42,"column":0},"end":{"line":42,"column":null}},"2":{"start":{"line":49,"column":0},"end":{"line":49,"column":null}},"3":{"start":{"line":63,"column":0},"end":{"line":63,"column":null}},"4":{"start":{"line":67,"column":0},"end":{"line":67,"column":null}},"5":{"start":{"line":68,"column":0},"end":{"line":68,"column":null}},"6":{"start":{"line":72,"column":0},"end":{"line":72,"column":null}},"7":{"start":{"line":73,"column":0},"end":{"line":73,"column":null}}},"fnMap":{"0":{"name":"(anonymous_1)","decl":{"start":{"line":41,"column":0},"end":{"line":41,"column":null}},"loc":{"start":{"line":41,"column":0},"end":{"line":45,"column":null}}},"1":{"name":"(anonymous_2)","decl":{"start":{"line":48,"column":0},"end":{"line":48,"column":null}},"loc":{"start":{"line":48,"column":0},"end":{"line":50,"column":null}}},"2":{"name":"(anonymous_3)","decl":{"start":{"line":62,"column":0},"end":{"line":62,"column":null}},"loc":{"start":{"line":62,"column":0},"end":{"line":64,"column":null}}},"3":{"name":"(anonymous_4)","decl":{"start":{"line":66,"column":0},"end":{"line":66,"column":null}},"loc":{"start":{"line":66,"column":0},"end":{"line":69,"column":null}}},"4":{"name":"(anonymous_5)","decl":{"start":{"line":71,"column":0},"end":{"line":71,"column":null}},"loc":{"start":{"line":71,"column":0},"end":{"line":74,"column":null}}}},"branchMap":{},"s":{"0":2,"1":0,"2":0,"3":0,"4":0,"5":0,"6":0,"7":0},"f":{"0":0,"1":0,"2":0,"3":0,"4":0},"b":{}}
,"C:\\EPAM\\vuejs-btd\\src\\components\\Slider\\Slider.vue": {"path":"C:\\EPAM\\vuejs-btd\\src\\components\\Slider\\Slider.vue","statementMap":{"0":{"start":{"line":18,"column":0},"end":{"line":18,"column":null}},"1":{"start":{"line":19,"column":0},"end":{"line":19,"column":null}},"2":{"start":{"line":20,"column":0},"end":{"line":20,"column":null}},"3":{"start":{"line":27,"column":0},"end":{"line":27,"column":null}},"4":{"start":{"line":35,"column":0},"end":{"line":35,"column":null}},"5":{"start":{"line":36,"column":0},"end":{"line":36,"column":null}}},"fnMap":{"0":{"name":"(anonymous_1)","decl":{"start":{"line":27,"column":0},"end":{"line":27,"column":null}},"loc":{"start":{"line":27,"column":0},"end":{"line":27,"column":null}}},"1":{"name":"(anonymous_2)","decl":{"start":{"line":34,"column":0},"end":{"line":34,"column":null}},"loc":{"start":{"line":34,"column":0},"end":{"line":37,"column":null}}}},"branchMap":{"0":{"loc":{"start":{"line":35,"column":0},"end":{"line":35,"column":null}},"type":"cond-expr","locations":[{"start":{"line":35,"column":0},"end":{"line":35,"column":null}},{"start":{"line":35,"column":0},"end":{"line":35,"column":null}}]}},"s":{"0":1,"1":1,"2":1,"3":2,"4":0,"5":0},"f":{"0":2,"1":0},"b":{"0":[0,0]}}
,"C:\\EPAM\\vuejs-btd\\src\\components\\Slider\\MiniGallery\\MiniGallery.vue": {"path":"C:\\EPAM\\vuejs-btd\\src\\components\\Slider\\MiniGallery\\MiniGallery.vue","statementMap":{"0":{"start":{"line":26,"column":0},"end":{"line":26,"column":null}},"1":{"start":{"line":33,"column":0},"end":{"line":33,"column":null}}},"fnMap":{"0":{"name":"(anonymous_1)","decl":{"start":{"line":26,"column":0},"end":{"line":26,"column":null}},"loc":{"start":{"line":26,"column":0},"end":{"line":26,"column":null}}},"1":{"name":"(anonymous_2)","decl":{"start":{"line":32,"column":0},"end":{"line":32,"column":null}},"loc":{"start":{"line":32,"column":0},"end":{"line":34,"column":null}}}},"branchMap":{},"s":{"0":0,"1":0},"f":{"0":0,"1":0},"b":{}}
,"C:\\EPAM\\vuejs-btd\\src\\components\\Slider\\PhotoSlider\\PhotoSlideItem.vue": {"path":"C:\\EPAM\\vuejs-btd\\src\\components\\Slider\\PhotoSlider\\PhotoSlideItem.vue","statementMap":{"0":{"start":{"line":21,"column":0},"end":{"line":21,"column":null}}},"fnMap":{"0":{"name":"(anonymous_1)","decl":{"start":{"line":20,"column":0},"end":{"line":20,"column":null}},"loc":{"start":{"line":20,"column":0},"end":{"line":22,"column":null}}}},"branchMap":{},"s":{"0":23},"f":{"0":23},"b":{}}
,"C:\\EPAM\\vuejs-btd\\src\\components\\Slider\\PhotoSlider\\PhotoSlider.vue": {"path":"C:\\EPAM\\vuejs-btd\\src\\components\\Slider\\PhotoSlider\\PhotoSlider.vue","statementMap":{"0":{"start":{"line":24,"column":0},"end":{"line":24,"column":null}},"1":{"start":{"line":40,"column":0},"end":{"line":40,"column":null}},"2":{"start":{"line":53,"column":0},"end":{"line":53,"column":null}},"3":{"start":{"line":59,"column":0},"end":{"line":59,"column":null}}},"fnMap":{"0":{"name":"(anonymous_1)","decl":{"start":{"line":40,"column":0},"end":{"line":40,"column":null}},"loc":{"start":{"line":40,"column":0},"end":{"line":40,"column":null}}},"1":{"name":"(anonymous_2)","decl":{"start":{"line":52,"column":0},"end":{"line":52,"column":null}},"loc":{"start":{"line":52,"column":0},"end":{"line":54,"column":null}}},"2":{"name":"(anonymous_3)","decl":{"start":{"line":58,"column":0},"end":{"line":58,"column":null}},"loc":{"start":{"line":58,"column":0},"end":{"line":60,"column":null}}}},"branchMap":{},"s":{"0":2,"1":0,"2":5,"3":0},"f":{"0":0,"1":5,"2":0},"b":{}}
,"C:\\EPAM\\vuejs-btd\\src\\components\\TextButtons\\BorderButton.vue": {"path":"C:\\EPAM\\vuejs-btd\\src\\components\\TextButtons\\BorderButton.vue","statementMap":{"0":{"start":{"line":12,"column":0},"end":{"line":12,"column":null}},"1":{"start":{"line":22,"column":0},"end":{"line":22,"column":null}},"2":{"start":{"line":29,"column":0},"end":{"line":29,"column":null}},"3":{"start":{"line":41,"column":0},"end":{"line":41,"column":null}}},"fnMap":{"0":{"name":"(anonymous_1)","decl":{"start":{"line":21,"column":0},"end":{"line":21,"column":null}},"loc":{"start":{"line":21,"column":0},"end":{"line":23,"column":null}}},"1":{"name":"(anonymous_2)","decl":{"start":{"line":28,"column":0},"end":{"line":28,"column":null}},"loc":{"start":{"line":28,"column":0},"end":{"line":32,"column":null}}},"2":{"name":"(anonymous_3)","decl":{"start":{"line":40,"column":0},"end":{"line":40,"column":null}},"loc":{"start":{"line":40,"column":0},"end":{"line":42,"column":null}}}},"branchMap":{"0":{"loc":{"start":{"line":29,"column":0},"end":{"line":29,"column":null}},"type":"cond-expr","locations":[{"start":{"line":29,"column":0},"end":{"line":29,"column":null}},{"start":{"line":29,"column":0},"end":{"line":29,"column":null}}]}},"s":{"0":4,"1":3,"2":3,"3":1},"f":{"0":3,"1":3,"2":1},"b":{"0":[3,0]}}
,"C:\\EPAM\\vuejs-btd\\src\\components\\TextButtons\\FilledButton.vue": {"path":"C:\\EPAM\\vuejs-btd\\src\\components\\TextButtons\\FilledButton.vue","statementMap":{"0":{"start":{"line":12,"column":0},"end":{"line":12,"column":null}},"1":{"start":{"line":30,"column":0},"end":{"line":30,"column":null}},"2":{"start":{"line":38,"column":0},"end":{"line":38,"column":null}}},"fnMap":{"0":{"name":"(anonymous_1)","decl":{"start":{"line":29,"column":0},"end":{"line":29,"column":null}},"loc":{"start":{"line":29,"column":0},"end":{"line":33,"column":null}}},"1":{"name":"(anonymous_2)","decl":{"start":{"line":37,"column":0},"end":{"line":37,"column":null}},"loc":{"start":{"line":37,"column":0},"end":{"line":39,"column":null}}}},"branchMap":{"0":{"loc":{"start":{"line":30,"column":0},"end":{"line":30,"column":null}},"type":"cond-expr","locations":[{"start":{"line":30,"column":0},"end":{"line":30,"column":null}},{"start":{"line":30,"column":0},"end":{"line":30,"column":null}}]}},"s":{"0":4,"1":1,"2":1},"f":{"0":1,"1":1},"b":{"0":[1,0]}}
,"C:\\EPAM\\vuejs-btd\\src\\components\\TextButtons\\TextButton.vue": {"path":"C:\\EPAM\\vuejs-btd\\src\\components\\TextButtons\\TextButton.vue","statementMap":{"0":{"start":{"line":8,"column":0},"end":{"line":8,"column":null}},"1":{"start":{"line":19,"column":0},"end":{"line":19,"column":null}}},"fnMap":{"0":{"name":"(anonymous_1)","decl":{"start":{"line":18,"column":0},"end":{"line":18,"column":null}},"loc":{"start":{"line":18,"column":0},"end":{"line":20,"column":null}}}},"branchMap":{},"s":{"0":5,"1":1},"f":{"0":1},"b":{}}
,"C:\\EPAM\\vuejs-btd\\src\\components\\TextButtons\\index.js": {"path":"C:\\EPAM\\vuejs-btd\\src\\components\\TextButtons\\index.js","statementMap":{},"fnMap":{},"branchMap":{},"s":{},"f":{},"b":{},"_coverageSchema":"43e27e138ebf9cfc5966b082cf9a028302ed4184","hash":"00fe609717f4504d462ef3c1cf932e89385c2425"}
,"C:\\EPAM\\vuejs-btd\\src\\pages\\ComponentsPage\\ComponentsPage.vue": {"path":"C:\\EPAM\\vuejs-btd\\src\\pages\\ComponentsPage\\ComponentsPage.vue","statementMap":{"0":{"start":{"line":32,"column":0},"end":{"line":32,"column":null}},"1":{"start":{"line":33,"column":0},"end":{"line":33,"column":null}},"2":{"start":{"line":35,"column":0},"end":{"line":35,"column":null}}},"fnMap":{},"branchMap":{},"s":{"0":1,"1":1,"2":1},"f":{},"b":{}}
,"C:\\EPAM\\vuejs-btd\\src\\pages\\HomePage\\HomePage.vue": {"path":"C:\\EPAM\\vuejs-btd\\src\\pages\\HomePage\\HomePage.vue","statementMap":{"0":{"start":{"line":8,"column":0},"end":{"line":8,"column":null}}},"fnMap":{},"branchMap":{},"s":{"0":1},"f":{},"b":{}}
}
