TN:
SF:C:\EPAM\vuejs-btd\src\assets\defaultImage.jpg
FNF:0
FNH:0
DA:1,3
LF:1
LH:1
BRF:0
BRH:0
end_of_record
TN:
SF:C:\EPAM\vuejs-btd\src\assets\Icons\shopping_cart.svg
FNF:0
FNH:0
DA:1,1
LF:1
LH:1
BRF:0
BRH:0
end_of_record
TN:
SF:C:\EPAM\vuejs-btd\src\base_components\index.js
FNF:0
FNH:0
LF:0
LH:0
BRF:0
BRH:0
end_of_record
TN:
SF:C:\EPAM\vuejs-btd\src\base_components\BaseButton\BaseButton.vue
FN:12,(anonymous_1)
FNF:1
FNH:1
FNDA:1,(anonymous_1)
DA:13,1
LF:1
LH:1
BRF:0
BRH:0
end_of_record
TN:
SF:C:\EPAM\vuejs-btd\src\base_components\BaseButtonLink\BaseButtonLink.vue
FN:20,(anonymous_1)
FNF:1
FNH:1
FNDA:1,(anonymous_1)
DA:21,1
LF:1
LH:1
BRF:0
BRH:0
end_of_record
TN:
SF:C:\EPAM\vuejs-btd\src\base_components\BaseCustomIcon\BaseCustomIcon.vue
FN:24,(anonymous_1)
FNF:1
FNH:1
FNDA:1,(anonymous_1)
DA:25,1
LF:1
LH:1
BRF:0
BRH:0
end_of_record
TN:
SF:C:\EPAM\vuejs-btd\src\base_components\BaseTextButtons\BaseTextBorderButton.vue
FN:21,(anonymous_1)
FN:28,(anonymous_2)
FN:40,(anonymous_3)
FNF:3
FNH:3
FNDA:1,(anonymous_1)
FNDA:1,(anonymous_2)
FNDA:1,(anonymous_3)
DA:12,8
DA:22,1
DA:29,1
DA:41,1
LF:4
LH:4
BRDA:29,0,0,1
BRDA:29,0,1,0
BRF:2
BRH:1
end_of_record
TN:
SF:C:\EPAM\vuejs-btd\src\base_components\BaseTextButtons\BaseTextButton.vue
FN:18,(anonymous_1)
FNF:1
FNH:1
FNDA:1,(anonymous_1)
DA:8,8
DA:19,1
LF:2
LH:2
BRF:0
BRH:0
end_of_record
TN:
SF:C:\EPAM\vuejs-btd\src\base_components\BaseTextButtons\BaseTextFilledButton.vue
FN:29,(anonymous_1)
FN:37,(anonymous_2)
FNF:2
FNH:2
FNDA:1,(anonymous_1)
FNDA:1,(anonymous_2)
DA:12,8
DA:30,1
DA:38,1
LF:3
LH:3
BRDA:30,0,0,1
BRDA:30,0,1,0
BRF:2
BRH:1
end_of_record
TN:
SF:C:\EPAM\vuejs-btd\src\components\index.js
FNF:0
FNH:0
LF:0
LH:0
BRF:0
BRH:0
end_of_record
TN:
SF:C:\EPAM\vuejs-btd\src\components\CustomFilter\CustomFilter.vue
FN:60,(anonymous_1)
FN:95,(anonymous_2)
FN:99,(anonymous_3)
FN:105,(anonymous_4)
FN:109,(anonymous_5)
FN:119,(anonymous_6)
FN:120,(anonymous_7)
FN:125,(anonymous_8)
FN:129,(anonymous_9)
FNF:9
FNH:7
FNDA:6,(anonymous_1)
FNDA:2,(anonymous_2)
FNDA:0,(anonymous_3)
FNDA:2,(anonymous_4)
FNDA:0,(anonymous_5)
FNDA:6,(anonymous_6)
FNDA:6,(anonymous_7)
FNDA:6,(anonymous_8)
FNDA:6,(anonymous_9)
DA:50,1
DA:51,1
DA:61,6
DA:96,2
DA:100,0
DA:101,0
DA:102,0
DA:106,2
DA:110,0
DA:113,0
DA:120,12
DA:126,6
DA:130,6
LF:13
LH:8
BRDA:110,0,0,0
BRDA:110,0,1,0
BRF:2
BRH:0
end_of_record
TN:
SF:C:\EPAM\vuejs-btd\src\components\CustomFilter\helper.js
FNF:0
FNH:0
DA:1,1
DA:3,1
LF:2
LH:2
BRF:0
BRH:0
end_of_record
TN:
SF:C:\EPAM\vuejs-btd\src\components\HamburgerIcon\HamburgerIcon.vue
FN:16,(anonymous_1)
FN:23,(anonymous_2)
FNF:2
FNH:2
FNDA:6,(anonymous_1)
FNDA:1,(anonymous_2)
DA:17,6
DA:24,1
LF:2
LH:2
BRF:0
BRH:0
end_of_record
TN:
SF:C:\EPAM\vuejs-btd\src\components\HeadInfo\HeadInfo.vue
FN:29,(anonymous_1)
FN:41,(anonymous_2)
FNF:2
FNH:1
FNDA:0,(anonymous_1)
FNDA:1,(anonymous_2)
DA:16,1
DA:30,0
DA:42,1
LF:3
LH:2
BRF:0
BRH:0
end_of_record
TN:
SF:C:\EPAM\vuejs-btd\src\components\Header\Header.vue
FN:61,(anonymous_1)
FN:72,(anonymous_2)
FN:76,(anonymous_3)
FN:80,(anonymous_4)
FN:84,(anonymous_5)
FNF:5
FNH:1
FNDA:4,(anonymous_1)
FNDA:0,(anonymous_2)
FNDA:0,(anonymous_3)
FNDA:0,(anonymous_4)
FNDA:0,(anonymous_5)
DA:42,1
DA:43,1
DA:44,1
DA:45,1
DA:46,1
DA:47,1
DA:48,1
DA:62,4
DA:73,0
DA:77,0
DA:81,0
DA:85,0
LF:12
LH:8
BRF:0
BRH:0
end_of_record
TN:
SF:C:\EPAM\vuejs-btd\src\components\ProductDetails\ProductDetails.vue
FN:28,(anonymous_1)
FN:35,(anonymous_2)
FNF:2
FNH:1
FNDA:1,(anonymous_1)
FNDA:0,(anonymous_2)
DA:29,1
DA:36,0
LF:2
LH:1
BRF:0
BRH:0
end_of_record
TN:
SF:C:\EPAM\vuejs-btd\src\components\ProductsList\ProductDescription.vue
FN:31,(anonymous_1)
FN:38,(anonymous_2)
FN:45,(anonymous_3)
FN:55,(anonymous_4)
FN:59,(anonymous_5)
FNF:5
FNH:3
FNDA:0,(anonymous_1)
FNDA:0,(anonymous_2)
FNDA:7,(anonymous_3)
FNDA:3,(anonymous_4)
FNDA:3,(anonymous_5)
DA:32,0
DA:39,0
DA:46,7
DA:47,7
DA:48,7
DA:50,7
DA:56,3
DA:60,3
LF:8
LH:6
BRF:0
BRH:0
end_of_record
TN:
SF:C:\EPAM\vuejs-btd\src\components\ProductsList\ProductItem.vue
FN:48,(anonymous_1)
FN:55,(anonymous_2)
FN:59,(anonymous_3)
FNF:3
FNH:3
FNDA:3,(anonymous_1)
FNDA:4,(anonymous_2)
FNDA:4,(anonymous_3)
DA:21,3
DA:22,3
DA:23,3
DA:49,3
DA:56,4
DA:60,4
LF:6
LH:6
BRDA:56,0,0,0
BRDA:56,0,1,4
BRF:2
BRH:1
end_of_record
TN:
SF:C:\EPAM\vuejs-btd\src\components\ProductsList\ProductsList.vue
FN:31,(anonymous_1)
FNF:1
FNH:1
FNDA:1,(anonymous_1)
DA:17,2
DA:18,2
DA:19,2
DA:21,2
DA:22,6
DA:23,6
DA:24,6
DA:32,1
LF:8
LH:8
BRDA:22,0,0,6
BRDA:22,0,1,0
BRF:2
BRH:1
end_of_record
TN:
SF:C:\EPAM\vuejs-btd\src\components\SignIn\index.js
FNF:0
FNH:0
LF:0
LH:0
BRF:0
BRH:0
end_of_record
TN:
SF:C:\EPAM\vuejs-btd\src\components\SignIn\Forms\helper.js
FN:26,(anonymous_0)
FN:48,(anonymous_1)
FN:58,(anonymous_2)
FNF:3
FNH:0
FNDA:0,(anonymous_0)
FNDA:0,(anonymous_1)
FNDA:0,(anonymous_2)
DA:1,2
DA:2,2
DA:12,2
DA:18,2
DA:23,2
DA:27,0
DA:36,2
DA:41,2
DA:46,2
DA:49,0
DA:51,0
DA:52,0
DA:59,0
DA:61,0
DA:62,0
LF:15
LH:8
BRDA:28,0,0,0
BRDA:28,0,1,0
BRDA:28,0,2,0
BRDA:28,0,3,0
BRDA:51,1,0,0
BRDA:51,1,1,0
BRDA:53,2,0,0
BRDA:53,2,1,0
BRDA:61,3,0,0
BRDA:61,3,1,0
BRF:10
BRH:0
end_of_record
TN:
SF:C:\EPAM\vuejs-btd\src\components\SignIn\Forms\index.js
FNF:0
FNH:0
LF:0
LH:0
BRF:0
BRH:0
end_of_record
TN:
SF:C:\EPAM\vuejs-btd\src\components\SignIn\Forms\SignInForm\SignInForm.vue
FN:46,(anonymous_1)
FN:55,(anonymous_2)
FN:59,(anonymous_3)
FN:67,(anonymous_4)
FN:81,(anonymous_5)
FNF:5
FNH:0
FNDA:0,(anonymous_1)
FNDA:0,(anonymous_2)
FNDA:0,(anonymous_3)
FNDA:0,(anonymous_4)
FNDA:0,(anonymous_5)
DA:28,2
DA:29,2
DA:35,2
DA:47,0
DA:56,0
DA:60,0
DA:61,0
DA:62,0
DA:63,0
DA:64,0
DA:68,0
DA:69,0
DA:70,0
DA:71,0
DA:72,0
DA:73,0
DA:74,0
DA:75,0
DA:76,0
DA:82,0
LF:20
LH:3
BRDA:56,0,0,0
BRDA:56,0,1,0
BRDA:60,1,0,0
BRDA:60,1,1,0
BRDA:62,2,0,0
BRDA:62,2,1,0
BRDA:68,3,0,0
BRDA:68,3,1,0
BRDA:70,4,0,0
BRDA:70,4,1,0
BRDA:72,5,0,0
BRDA:72,5,1,0
BRDA:74,6,0,0
BRDA:74,6,1,0
BRF:14
BRH:0
end_of_record
TN:
SF:C:\EPAM\vuejs-btd\src\components\SignIn\Forms\SignUpForm\SignUpForm.vue
FN:62,(anonymous_1)
FN:72,(anonymous_2)
FN:78,(anonymous_3)
FN:88,(anonymous_4)
FN:98,(anonymous_5)
FN:108,(anonymous_6)
FN:116,(anonymous_7)
FN:128,(anonymous_8)
FN:138,(anonymous_9)
FNF:9
FNH:0
FNDA:0,(anonymous_1)
FNDA:0,(anonymous_2)
FNDA:0,(anonymous_3)
FNDA:0,(anonymous_4)
FNDA:0,(anonymous_5)
FNDA:0,(anonymous_6)
FNDA:0,(anonymous_7)
FNDA:0,(anonymous_8)
FNDA:0,(anonymous_9)
DA:40,2
DA:41,2
DA:43,2
DA:63,0
DA:73,0
DA:74,0
DA:79,0
DA:89,0
DA:90,0
DA:91,0
DA:92,0
DA:93,0
DA:94,0
DA:95,0
DA:99,0
DA:100,0
DA:101,0
DA:102,0
DA:103,0
DA:104,0
DA:105,0
DA:109,0
DA:110,0
DA:111,0
DA:112,0
DA:113,0
DA:117,0
DA:118,0
DA:119,0
DA:120,0
DA:121,0
DA:122,0
DA:123,0
DA:124,0
DA:125,0
DA:129,0
DA:130,0
DA:131,0
DA:132,0
DA:133,0
DA:139,0
LF:41
LH:3
BRDA:79,0,0,0
BRDA:79,0,1,0
BRDA:79,0,2,0
BRDA:79,0,3,0
BRDA:79,0,4,0
BRDA:89,1,0,0
BRDA:89,1,1,0
BRDA:91,2,0,0
BRDA:91,2,1,0
BRDA:93,3,0,0
BRDA:93,3,1,0
BRDA:99,4,0,0
BRDA:99,4,1,0
BRDA:101,5,0,0
BRDA:101,5,1,0
BRDA:103,6,0,0
BRDA:103,6,1,0
BRDA:109,7,0,0
BRDA:109,7,1,0
BRDA:111,8,0,0
BRDA:111,8,1,0
BRDA:117,9,0,0
BRDA:117,9,1,0
BRDA:119,10,0,0
BRDA:119,10,1,0
BRDA:121,11,0,0
BRDA:121,11,1,0
BRDA:123,12,0,0
BRDA:123,12,1,0
BRDA:129,13,0,0
BRDA:129,13,1,0
BRDA:131,14,0,0
BRDA:131,14,1,0
BRF:33
BRH:0
end_of_record
TN:
SF:C:\EPAM\vuejs-btd\src\components\SignIn\SignInBtn\SignInBtn.vue
FN:37,(anonymous_1)
FNF:1
FNH:0
FNDA:0,(anonymous_1)
DA:17,2
DA:18,2
DA:38,0
LF:3
LH:2
BRF:0
BRH:0
end_of_record
TN:
SF:C:\EPAM\vuejs-btd\src\components\SignIn\SignInPopup\SignInPopup.vue
FN:41,(anonymous_1)
FN:48,(anonymous_2)
FN:62,(anonymous_3)
FN:66,(anonymous_4)
FN:71,(anonymous_5)
FNF:5
FNH:0
FNDA:0,(anonymous_1)
FNDA:0,(anonymous_2)
FNDA:0,(anonymous_3)
FNDA:0,(anonymous_4)
FNDA:0,(anonymous_5)
DA:31,2
DA:42,0
DA:49,0
DA:63,0
DA:67,0
DA:68,0
DA:72,0
DA:73,0
LF:8
LH:1
BRF:0
BRH:0
end_of_record
TN:
SF:C:\EPAM\vuejs-btd\src\components\Slider\Slider.vue
FN:27,(anonymous_1)
FN:34,(anonymous_2)
FNF:2
FNH:1
FNDA:2,(anonymous_1)
FNDA:0,(anonymous_2)
DA:18,1
DA:19,1
DA:20,1
DA:27,2
DA:35,0
DA:36,0
LF:6
LH:4
BRDA:35,0,0,0
BRDA:35,0,1,0
BRF:2
BRH:0
end_of_record
TN:
SF:C:\EPAM\vuejs-btd\src\components\Slider\MiniGallery\MiniGallery.vue
FN:26,(anonymous_1)
FN:32,(anonymous_2)
FNF:2
FNH:0
FNDA:0,(anonymous_1)
FNDA:0,(anonymous_2)
DA:26,0
DA:33,0
LF:2
LH:0
BRF:0
BRH:0
end_of_record
TN:
SF:C:\EPAM\vuejs-btd\src\components\Slider\PhotoSlider\PhotoSlideItem.vue
FN:20,(anonymous_1)
FNF:1
FNH:1
FNDA:23,(anonymous_1)
DA:21,23
LF:1
LH:1
BRF:0
BRH:0
end_of_record
TN:
SF:C:\EPAM\vuejs-btd\src\components\Slider\PhotoSlider\PhotoSlider.vue
FN:40,(anonymous_1)
FN:52,(anonymous_2)
FN:58,(anonymous_3)
FNF:3
FNH:1
FNDA:0,(anonymous_1)
FNDA:5,(anonymous_2)
FNDA:0,(anonymous_3)
DA:24,2
DA:40,0
DA:53,5
DA:59,0
LF:4
LH:2
BRF:0
BRH:0
end_of_record
TN:
SF:C:\EPAM\vuejs-btd\src\components\TextButtons\BorderButton.vue
FN:21,(anonymous_1)
FN:28,(anonymous_2)
FN:40,(anonymous_3)
FNF:3
FNH:3
FNDA:3,(anonymous_1)
FNDA:3,(anonymous_2)
FNDA:1,(anonymous_3)
DA:12,4
DA:22,3
DA:29,3
DA:41,1
LF:4
LH:4
BRDA:29,0,0,3
BRDA:29,0,1,0
BRF:2
BRH:1
end_of_record
TN:
SF:C:\EPAM\vuejs-btd\src\components\TextButtons\FilledButton.vue
FN:29,(anonymous_1)
FN:37,(anonymous_2)
FNF:2
FNH:2
FNDA:1,(anonymous_1)
FNDA:1,(anonymous_2)
DA:12,4
DA:30,1
DA:38,1
LF:3
LH:3
BRDA:30,0,0,1
BRDA:30,0,1,0
BRF:2
BRH:1
end_of_record
TN:
SF:C:\EPAM\vuejs-btd\src\components\TextButtons\TextButton.vue
FN:18,(anonymous_1)
FNF:1
FNH:1
FNDA:1,(anonymous_1)
DA:8,5
DA:19,1
LF:2
LH:2
BRF:0
BRH:0
end_of_record
TN:
SF:C:\EPAM\vuejs-btd\src\components\TextButtons\index.js
FNF:0
FNH:0
LF:0
LH:0
BRF:0
BRH:0
end_of_record
TN:
SF:C:\EPAM\vuejs-btd\src\pages\ComponentsPage\ComponentsPage.vue
FNF:0
FNH:0
DA:32,1
DA:33,1
DA:35,1
LF:3
LH:3
BRF:0
BRH:0
end_of_record
TN:
SF:C:\EPAM\vuejs-btd\src\pages\HomePage\HomePage.vue
FNF:0
FNH:0
DA:8,1
LF:1
LH:1
BRF:0
BRH:0
end_of_record
